<?xml version="1.0" encoding="UTF-8"?>
<testsuite name="main.VendingMachineTest" tests="1" skipped="0" failures="0" errors="0" timestamp="2018-02-28T14:10:07" hostname="Brent-PC" time="0.001">
  <properties/>
  <testcase name="WhenNoCoinsAreInsertedVendingMachinedisplaysINSERTCOIN" classname="main.VendingMachineTest" time="0.001"/>
  <system-out><![CDATA[]]></system-out>
  <system-err><![CDATA[]]></system-err>
</testsuite>
